msp430-elf-gcc -mmcu=msp430g2553 -I../h -L/opt/ti/msp430_gcc/include -o tune.elf stateMachine.o buzzer.o led.o music.o musicPlayer.o wdInterruptHandler.o switches.o libTimer.a toyMain.o sr.o p1_interrupt_handler.o
musicPlayer.o:(.data+0x0): multiple definition of `nullSong'
music.o:(.data+0x0): first defined here
musicPlayer.o:(.data+0x2): multiple definition of `westMinsterSong'
music.o:(.data+0x2): first defined here
musicPlayer.o:(.data+0x18): multiple definition of `oldSpiceSong'
music.o:(.data+0x18): first defined here
musicPlayer.o:(.data+0x2c): multiple definition of `allKeysSong'
music.o:(.data+0x2c): first defined here
switches.o:(.data+0x0): multiple definition of `nullSong'
music.o:(.data+0x0): first defined here
switches.o:(.data+0x2): multiple definition of `westMinsterSong'
music.o:(.data+0x2): first defined here
switches.o:(.data+0x18): multiple definition of `oldSpiceSong'
music.o:(.data+0x18): first defined here
switches.o:(.data+0x2c): multiple definition of `allKeysSong'
music.o:(.data+0x2c): first defined here
toyMain.o:(.data+0x0): multiple definition of `nullSong'
music.o:(.data+0x0): first defined here
toyMain.o:(.data+0x2): multiple definition of `westMinsterSong'
music.o:(.data+0x2): first defined here
toyMain.o:(.data+0x18): multiple definition of `oldSpiceSong'
music.o:(.data+0x18): first defined here
toyMain.o:(.data+0x2c): multiple definition of `allKeysSong'
music.o:(.data+0x2c): first defined here
led.o: In function `led_update':
led.c:(.text+0x2c): undefined reference to `lengthOfSong'
music.o: In function `musicInit':
music.c:(.text+0xba): undefined reference to `firstSong'
music.c:(.text+0xcc): undefined reference to `secondSong'
music.c:(.text+0xde): undefined reference to `thirdSong'
music.c:(.text+0xf0): undefined reference to `fourthSong'
music.c:(.text+0x108): undefined reference to `allMusic'
music.c:(.text+0x10c): undefined reference to `allMusic'
music.c:(.text+0x110): undefined reference to `firstSong'
music.c:(.text+0x118): undefined reference to `allMusic'
music.c:(.text+0x11e): undefined reference to `secondSong'
music.c:(.text+0x126): undefined reference to `allMusic'
music.c:(.text+0x12c): undefined reference to `thirdSong'
music.c:(.text+0x134): undefined reference to `allMusic'
music.c:(.text+0x13c): undefined reference to `fourthSong'
music.c:(.text+0x144): undefined reference to `allMusic'
musicPlayer.o: In function `.L2':
musicPlayer.c:(.text+0x10): undefined reference to `currentSong'
musicPlayer.o: In function `musicPlayerUpdate':
musicPlayer.c:(.text+0x34): undefined reference to `lengthOfSong'
musicPlayer.c:(.text+0x38): undefined reference to `currentSong'
musicPlayer.c:(.text+0x3c): undefined reference to `musicHeadIndex'
musicPlayer.c:(.text+0x4e): undefined reference to `musicHeadIndex'
musicPlayer.c:(.text+0x52): undefined reference to `lengthOfSong'
musicPlayer.c:(.text+0x5a): undefined reference to `musicHeadIndex'
musicPlayer.c:(.text+0x62): undefined reference to `musicHeadIndex'
musicPlayer.c:(.text+0x6c): undefined reference to `musicHeadIndex'
musicPlayer.c:(.text+0x74): undefined reference to `musicHeadIndex'
musicPlayer.o: In function `musicPlayerInit':
musicPlayer.c:(.text+0x7e): undefined reference to `musicHeadIndex'
musicPlayer.c:(.text+0x82): undefined reference to `lengthOfSong'
musicPlayer.c:(.text+0x86): undefined reference to `allMusic'
musicPlayer.c:(.text+0x8c): undefined reference to `currentSong'
switches.o: In function `.L5':
switches.c:(.text+0xb8): undefined reference to `switch1_state_down'
switches.o: In function `.L6':
switches.c:(.text+0xd0): undefined reference to `switch2_state_down'
switches.o: In function `.L7':
switches.c:(.text+0xe8): undefined reference to `switch3_state_down'
switches.o: In function `.L8':
switches.c:(.text+0x100): undefined reference to `switch4_state_down'
switches.c:(.text+0x104): undefined reference to `switch1_state_down'
switches.c:(.text+0x10c): undefined reference to `allMusic'
switches.c:(.text+0x112): undefined reference to `currentSong'
switches.o: In function `.L9':
switches.c:(.text+0x11a): undefined reference to `switch2_state_down'
switches.c:(.text+0x122): undefined reference to `allMusic'
switches.c:(.text+0x12a): undefined reference to `currentSong'
switches.o: In function `.L11':
switches.c:(.text+0x132): undefined reference to `switch3_state_down'
switches.c:(.text+0x13a): undefined reference to `allMusic'
switches.c:(.text+0x142): undefined reference to `currentSong'
switches.o: In function `.L12':
switches.c:(.text+0x14a): undefined reference to `switch4_state_down'
switches.c:(.text+0x152): undefined reference to `allMusic'
switches.c:(.text+0x15a): undefined reference to `currentSong'
collect2: error: ld returned 1 exit status
make: *** [Makefile:16: tune.elf] Error 1
